0 111 111 194 194 194 194 194 194 194 194 194 194 190 150 124 122 180 180 180 180 180 180 180 180 180 180 173 173 173 102 119 125 125 125 125 127 186 186 186 186 186 186 186 186 186 186 173 173 185 185 185 185 185 185 185 185 185 185 182 182 182 182 182 182 182 182 182 182 174 174 174 174 174 183 183 183 190 190 190 190 190 190 197 197 197 197 
0 102 111 111 119 122 124 125 125 125 125 127 150 173 173 173 173 173 174 174 174 174 174 180 180 180 180 180 180 180 180 180 180 182 182 182 182 182 182 182 182 182 182 183 183 183 185 185 185 185 185 185 185 185 185 185 186 186 186 186 186 186 186 186 186 186 190 190 190 190 190 190 190 194 194 194 194 194 194 194 194 194 194 197 197 197 197 
12 75
87 0
12 75
2 85
23 64
12 75
13 74
7 80
13 74
12 75
13 74
2 85
13 74
43 44
83 4
87 0
13 74
13 74
4 83
13 74
2 85
5 82
6 81
12 75
12 75
12 75
12 75
23 64
12 75
73 14
23 64
7 80
4 83
2 85
73 14
12 75
5 82
11 76
13 74
2 85
13 74
13 74
13 74
13 74
11 76
73 14
46 41
23 64
12 75
23 64
83 4
13 74
5 82
11 76
4 83
13 74
12 75
13 74
66 21
4 83
5 82
66 21
13 74
23 64
56 31
2 85
13 74
13 74
12 75
11 76
13 74
13 74
13 74
23 64
46 41
12 75
12 75
2 85
73 14
13 74
87 0
11 76
1 86
13 74
23 64
33 54
12 75
13 74
2 85
73 14
11 76
13 74
73 14
5 82
23 64
12 75
33 54
13 74
4 83
